生成启动时间为 2018-08-07 16:06:45。
     1>项目“D:\test\C++\ceshi\ttt\ttmfc\ttmfc.vcxproj”在节点 2 上(Rebuild 个目标)。
     1>ClCompile:
         F:\soft\soft1\vs2012\VC\bin\CL.exe /c /ZI /nologo /W3 /WX- /sdl /Od /Oy- /D WIN32 /D _WINDOWS /D _DEBUG /D _MBCS /D _AFXDLL /Gm /EHsc /RTC1 /MDd /GS /fp:precise /Zc:wchar_t /Zc:forScope /Yc"stdafx.h" /Fp"Debug\ttmfc.pch" /Fo"Debug\\" /Fd"Debug\vc110.pdb" /Gd /TP /analyze- /errorReport:prompt stdafx.cpp
         stdafx.cpp
     1>c:\program files (x86)\windows kits\8.0\include\um\docobj.h(1741): warning C4067: 预处理器指令后有意外标记 - 应输入换行符
         F:\soft\soft1\vs2012\VC\bin\CL.exe /c /ZI /nologo /W3 /WX- /sdl /Od /Oy- /D WIN32 /D _WINDOWS /D _DEBUG /D _MBCS /D _AFXDLL /Gm /EHsc /RTC1 /MDd /GS /fp:precise /Zc:wchar_t /Zc:forScope /Yu"stdafx.h" /Fp"Debug\ttmfc.pch" /Fo"Debug\\" /Fd"Debug\vc110.pdb" /Gd /TP /analyze- /errorReport:prompt HttpConnect.cpp ttmfc.cpp ttmfcDlg.cpp
         ttmfcDlg.cpp
         ttmfc.cpp
         HttpConnect.cpp
         正在生成代码...
       ResourceCompile:
         C:\Program Files (x86)\Windows Kits\8.0\bin\x86\rc.exe /D _DEBUG /D _AFXDLL /l"0x0804" /IDebug\ /nologo /fo"Debug\ttmfc.res" ttmfc.rc 
       Link:
         F:\soft\soft1\vs2012\VC\bin\link.exe /ERRORREPORT:PROMPT /OUT:"D:\test\C++\ceshi\ttt\Debug\ttmfc.exe" /INCREMENTAL /NOLOGO winmm.lib /MANIFEST /MANIFESTUAC:"level='asInvoker' uiAccess='false'" /manifest:embed /manifestinput:F:\soft\soft1\vs2012\VC\Include\Manifest\dpiaware.manifest /DEBUG /PDB:"D:\test\C++\ceshi\ttt\Debug\ttmfc.pdb" /SUBSYSTEM:WINDOWS /TLBID:1 /DYNAMICBASE /NXCOMPAT /IMPLIB:"D:\test\C++\ceshi\ttt\Debug\ttmfc.lib" /MACHINE:X86 Debug\ttmfc.res
         Debug\HttpConnect.obj
         Debug\stdafx.obj
         Debug\ttmfc.obj
         Debug\ttmfcDlg.obj
         ttmfc.vcxproj -> D:\test\C++\ceshi\ttt\Debug\ttmfc.exe
     1>已完成生成项目“D:\test\C++\ceshi\ttt\ttmfc\ttmfc.vcxproj”(Rebuild 个目标)的操作。

生成成功。

已用时间 00:00:07.96
